<?xml version="1.0" encoding="UTF-8"?>
<!-- Generated by org.testng.reporters.JUnitXMLReporter -->
<testsuite hostname="KumarSathish" ignored="0" name="Book Ticket" tests="1" failures="1" timestamp="23 Feb 2018 05:04:44 GMT" time="91.792" errors="0">
  <testcase name="loginPageTitleTest" time="36.035" classname="com.railyatri.qa.testcases.FlowTest">
    <failure type="java.lang.NumberFormatException" message="For input string: &amp;quot;2.0&amp;quot;">
      <![CDATA[java.lang.NumberFormatException: For input string: "2.0"at java.lang.NumberFormatException.forInputString(NumberFormatException.java:65)at java.lang.Integer.parseInt(Integer.java:580)at java.lang.Integer.parseInt(Integer.java:615)at com.railyatri.qa.testcases.FlowTest.loginPageTitleTest(FlowTest.java:63)... Removed 25 stack frames]]>
    </failure>
  </testcase> <!-- loginPageTitleTest -->
</testsuite> <!-- Book Ticket -->
