<?xml version="1.0" encoding="UTF-8"?>
<testng-results skipped="0" failed="0" ignored="0" total="1" passed="1">
  <reporter-output>
  </reporter-output>
  <suite name="RailYatri Test Automation Test Suite" duration-ms="161835" started-at="2018-02-24T19:01:51Z" finished-at="2018-02-24T19:04:33Z">
    <groups>
    </groups>
    <test name="Book Ticket" duration-ms="161835" started-at="2018-02-24T19:01:51Z" finished-at="2018-02-24T19:04:33Z">
      <class name="com.railyatri.qa.testcases.FlowTest">
        <test-method status="PASS" signature="setUp()[pri:0, instance:com.railyatri.qa.testcases.FlowTest@3bd550]" name="setUp" is-config="true" duration-ms="84406" started-at="2018-02-25T00:31:55Z" finished-at="2018-02-25T00:33:19Z">
          <reporter-output>
          </reporter-output>
        </test-method> <!-- setUp -->
        <test-method status="PASS" signature="loginPageTitleTest(java.lang.String, java.lang.String, java.lang.String, java.lang.String, java.lang.String, java.lang.String, java.lang.String, java.lang.String, java.lang.String, java.lang.String, java.lang.String, java.lang.String, java.lang.String, java.lang.String)[pri:0, instance:com.railyatri.qa.testcases.FlowTest@3bd550]" name="loginPageTitleTest" duration-ms="67086" started-at="2018-02-25T00:33:19Z" data-provider="getPassengerTestData" finished-at="2018-02-25T00:34:26Z">
          <params>
            <param index="0">
              <value>
                <![CDATA[Chennai]]>
              </value>
            </param>
            <param index="1">
              <value>
                <![CDATA[Hyderabad]]>
              </value>
            </param>
            <param index="2">
              <value>
                <![CDATA[2]]>
              </value>
            </param>
            <param index="3">
              <value>
                <![CDATA[KOMITLA]]>
              </value>
            </param>
            <param index="4">
              <value>
                <![CDATA[I1,I2]]>
              </value>
            </param>
            <param index="5">
              <value>
                <![CDATA[T nagar (pick up van - 18:20]]>
              </value>
            </param>
            <param index="6">
              <value>
                <![CDATA[Lb nagar - 6:10]]>
              </value>
            </param>
            <param index="7">
              <value>
                <![CDATA[Vijay Kumar]]>
              </value>
            </param>
            <param index="8">
              <value>
                <![CDATA[42]]>
              </value>
            </param>
            <param index="9">
              <value>
                <![CDATA[Male]]>
              </value>
            </param>
            <param index="10">
              <value>
                <![CDATA[Sangeetha]]>
              </value>
            </param>
            <param index="11">
              <value>
                <![CDATA[37]]>
              </value>
            </param>
            <param index="12">
              <value>
                <![CDATA[Female]]>
              </value>
            </param>
            <param index="13">
              <value>
                <![CDATA[Egmore 21:35]]>
              </value>
            </param>
          </params>
          <reporter-output>
          </reporter-output>
        </test-method> <!-- loginPageTitleTest -->
        <test-method status="PASS" signature="closeBrowser()[pri:0, instance:com.railyatri.qa.testcases.FlowTest@3bd550]" name="closeBrowser" is-config="true" duration-ms="6796" started-at="2018-02-25T00:34:26Z" finished-at="2018-02-25T00:34:33Z">
          <reporter-output>
          </reporter-output>
        </test-method> <!-- closeBrowser -->
      </class> <!-- com.railyatri.qa.testcases.FlowTest -->
    </test> <!-- Book Ticket -->
  </suite> <!-- RailYatri Test Automation Test Suite -->
</testng-results>
